(0000) A455  1010010001010101 (  31)                 .ORIG xA455
(A455) 102C  0001000000101100 (  33)                 ADD   R0 R0 #12
(A456) 126D  0001001001101101 (  34)                 ADD   R1 R1 #13
(A457) 4831  0100100000110001 (  35)                 JSR   multR01
(A458) E0A1  1110000010100001 (  47)                 LEA   R0 msg
(A459) F022  1111000000100010 (  48)                 TRAP  x22
(A45A) 2C8D  0010110010001101 (  61) read            LD    R6 retChar
(A45B) E45F  1110010001011111 (  62)                 LEA   R2 sBuffer
(A45C) F020  1111000000100000 (  64) rdLoop          TRAP  x20
(A45D) F021  1111000000100001 (  65)                 TRAP  x21
(A45E) 923F  1001001000111111 (  67)                 NOT   R1 R0
(A45F) 1261  0001001001100001 (  68)                 ADD   R1 R1 #1
(A460) 1381  0001001110000001 (  69)                 ADD   R1 R6 R1
(A461) 0403  0000010000000011 (  71)                 BRZ   convCh
(A462) 7080  0111000010000000 (  74)                 STR   R0 R2 #0
(A463) 14A1  0001010010100001 (  75)                 ADD   R2 R2 #1
(A464) 0FF7  0000111111110111 (  76)                 BRNZP rdLoop
(A465) 2284  0010001010000100 (  92) convCh          LD    R1 zerChar
(A466) 927F  1001001001111111 (  94)                 NOT   R1 R1
(A467) 1261  0001001001100001 (  95)                 ADD   R1 R1 #1
(A468) E452  1110010001010010 ( 101)                 LEA   R2 sBuffer
(A469) E667  1110011001100111 ( 102)                 LEA   R3 nBuffer
(A46A) 6080  0110000010000000 ( 104) ccLoop          LDR   R0 R2 #0
(A46B) 0405  0000010000000101 ( 106)                 BRZ   str2Num
(A46C) 1001  0001000000000001 ( 108)                 ADD   R0 R0 R1
(A46D) 70C0  0111000011000000 ( 109)                 STR   R0 R3 #0
(A46E) 16E1  0001011011100001 ( 111)                 ADD   R3 R3 #1
(A46F) 14A1  0001010010100001 ( 112)                 ADD   R2 R2 #1
(A470) 0FF9  0000111111111001 ( 114)                 BRNZP ccLoop
(A471) 0000  0000000000000000 ( 128) str2Num         BRNOP xA472
(A472) 5020  0101000000100000 ( 130)                 AND   R0 R0 #0
(A473) 5260  0101001001100000 ( 131)                 AND   R1 R1 #0
(A474) 126A  0001001001101010 ( 133)                 ADD   R1 R1 #10
(A475) E645  1110011001000101 ( 138)                 LEA   R3 sBuffer
(A476) 2C43  0010110001000011 ( 139)                 LD    R6 NASCII
(A477) 64C0  0110010011000000 ( 141) convLp          LDR   R2 R3 #0
(A478) 0405  0000010000000101 ( 142)                 BRZ   endCvLp
(A479) 1486  0001010010000110 ( 144)                 ADD   R2 R2 R6
(A47A) 480E  0100100000001110 ( 146)                 JSR   multR01
(A47B) 10A0  0001000010100000 ( 148)                 ADD   R0 R2 #0
(A47C) 16E1  0001011011100001 ( 150)                 ADD   R3 R3 #1
(A47D) 0FF9  0000111111111001 ( 151)                 BRNZP convLp
(A47E) 1000  0001000000000000 ( 155) endCvLp         ADD   R0 R0 R0
(A47F) E84F  1110100001001111 ( 159)                 LEA   R4 sBuffer2Z
(A480) 2A38  0010101000111000 ( 160)                 LD    R5 ASCII
(A481) 193F  0001100100111111 ( 161) cvLp2           ADD   R4 R4 #-1
(A482) 4811  0100100000010001 ( 163)                 JSR   divR01
(A483) 1485  0001010010000101 ( 165)                 ADD   R2 R2 R5
(A484) 7500  0111010100000000 ( 167)                 STR   R2 R4 #0
(A485) 1020  0001000000100000 ( 169)                 ADD   R0 R0 #0
(A486) 03FA  0000001111111010 ( 170)                 BRP   cvLp2
(A487) 3848  0011100001001000 ( 172)                 ST    R4 startSB2
(A488) 0E18  0000111000011000 ( 174)                 BRNZP weGood
(A489) 1020  0001000000100000 ( 191) multR01         ADD   R0 R0 #0
(A48A) 0C06  0000110000000110 ( 192)                 BRNZ  mult0
(A48B) 1260  0001001001100000 ( 194)                 ADD   R1 R1 #0
(A48C) 0C04  0000110000000100 ( 195)                 BRNZ  mult0
(A48D) 1481  0001010010000001 ( 198) mult            ADD   R2 R2 R1
(A48E) 103F  0001000000111111 ( 199)                 ADD   R0 R0 #-1
(A48F) 03FD  0000001111111101 ( 201)                 BRP   mult
(A490) 0E02  0000111000000010 ( 202)                 BRNZP multR
(A491) 14A0  0001010010100000 ( 204) mult0           ADD   R2 R2 #0
(A492) 0E00  0000111000000000 ( 205)                 BRNZP multR
(A493) C1C0  1100000111000000 ( 208) multR           RET   
(A494) 56E0  0101011011100000 ( 222) divR01          AND   R3 R3 #0
(A495) 1420  0001010000100000 ( 224)                 ADD   R2 R0 #0
(A496) 927F  1001001001111111 ( 226)                 NOT   R1 R1
(A497) 1261  0001001001100001 ( 227)                 ADD   R1 R1 #1
(A498) 1481  0001010010000001 ( 230) divLp           ADD   R2 R2 R1
(A499) 0802  0000100000000010 ( 231)                 BRN   divEnd
(A49A) 16E1  0001011011100001 ( 233)                 ADD   R3 R3 #1
(A49B) 0FFC  0000111111111100 ( 235)                 BRNZP divLp
(A49C) 927F  1001001001111111 ( 237) divEnd          NOT   R1 R1
(A49D) 1261  0001001001100001 ( 238)                 ADD   R1 R1 #1
(A49E) 1481  0001010010000001 ( 240)                 ADD   R2 R2 R1
(A49F) 10E0  0001000011100000 ( 242)                 ADD   R0 R3 #0
(A4A0) C1C0  1100000111000000 ( 244)                 RET   
(A4A1) E046  1110000001000110 ( 256) weGood          LEA   R0 retChar
(A4A2) F022  1111000000100010 ( 257)                 TRAP  x22
(A4A3) F022  1111000000100010 ( 258)                 TRAP  x22
(A4A4) E081  1110000010000001 ( 260)                 LEA   R0 ujt
(A4A5) F022  1111000000100010 ( 261)                 TRAP  x22
(A4A6) E014  1110000000010100 ( 263)                 LEA   R0 sBuffer
(A4A7) F022  1111000000100010 ( 264)                 TRAP  x22
(A4A8) E08E  1110000010001110 ( 266)                 LEA   R0 nwh
(A4A9) F022  1111000000100010 ( 267)                 TRAP  x22
(A4AA) 2025  0010000000100101 ( 269)                 LD    R0 startSB2
(A4AB) F022  1111000000100010 ( 270)                 TRAP  x22
(A4AC) F025  1111000000100101 ( 272)                 TRAP  x25
(A4AD) F025  1111000000100101 ( 277)                 TRAP  x25
(A4AE) 0000  0000000000000000 ( 281) Stack           .FILL x0000
(A4AF) 0000  0000000000000000 ( 281)                 .FILL x0000
(A4B0) 0000  0000000000000000 ( 281)                 .FILL x0000
(A4B1) 0000  0000000000000000 ( 281)                 .FILL x0000
(A4B2) 0000  0000000000000000 ( 281)                 .FILL x0000
(A4B3) 0000  0000000000000000 ( 281)                 .FILL x0000
(A4B4) 0000  0000000000000000 ( 281)                 .FILL x0000
(A4B5) 0000  0000000000000000 ( 281)                 .FILL x0000
(A4B6) 0000  0000000000000000 ( 281)                 .FILL x0000
(A4B7) 0000  0000000000000000 ( 281)                 .FILL x0000
(A4B8) 0003  0000000000000011 ( 281) Counter         .FILL x0003
(A4B9) 0030  0000000000110000 ( 282) ASCII           .FILL x0030
(A4BA) FFD0  1111111111010000 ( 283) NASCII          .FILL xFFD0
(A4BB) 0000  0000000000000000 ( 287) sBuffer         .FILL x0000
(A4BC) 0000  0000000000000000 ( 287)                 .FILL x0000
(A4BD) 0000  0000000000000000 ( 287)                 .FILL x0000
(A4BE) 0000  0000000000000000 ( 287)                 .FILL x0000
(A4BF) 0000  0000000000000000 ( 287)                 .FILL x0000
(A4C0) 0000  0000000000000000 ( 287)                 .FILL x0000
(A4C1) 0000  0000000000000000 ( 287)                 .FILL x0000
(A4C2) 0000  0000000000000000 ( 287)                 .FILL x0000
(A4C3) 0000  0000000000000000 ( 287)                 .FILL x0000
(A4C4) 0000  0000000000000000 ( 287)                 .FILL x0000
(A4C5) 0000  0000000000000000 ( 288) sBuffer2        .FILL x0000
(A4C6) 0000  0000000000000000 ( 288)                 .FILL x0000
(A4C7) 0000  0000000000000000 ( 288)                 .FILL x0000
(A4C8) 0000  0000000000000000 ( 288)                 .FILL x0000
(A4C9) 0000  0000000000000000 ( 288)                 .FILL x0000
(A4CA) 0000  0000000000000000 ( 288)                 .FILL x0000
(A4CB) 0000  0000000000000000 ( 288)                 .FILL x0000
(A4CC) 0000  0000000000000000 ( 288)                 .FILL x0000
(A4CD) 0000  0000000000000000 ( 288)                 .FILL x0000
(A4CE) 0000  0000000000000000 ( 288)                 .FILL x0000
(A4CF) 0000  0000000000000000 ( 288) sBuffer2Z       .FILL x0000
(A4D0) A455  1010010001010101 ( 289) startSB2        .FILL xA455
(A4D1) 0000  0000000000000000 ( 292) nBuffer         .FILL x0000
(A4D2) 0000  0000000000000000 ( 292)                 .FILL x0000
(A4D3) 0000  0000000000000000 ( 292)                 .FILL x0000
(A4D4) 0000  0000000000000000 ( 292)                 .FILL x0000
(A4D5) 0000  0000000000000000 ( 292)                 .FILL x0000
(A4D6) 0000  0000000000000000 ( 292)                 .FILL x0000
(A4D7) 0000  0000000000000000 ( 292)                 .FILL x0000
(A4D8) 0000  0000000000000000 ( 292)                 .FILL x0000
(A4D9) 0000  0000000000000000 ( 292)                 .FILL x0000
(A4DA) 0000  0000000000000000 ( 292)                 .FILL x0000
(A4DB) 0000  0000000000000000 ( 294) nBuffer2        .FILL x0000
(A4DC) 0000  0000000000000000 ( 294)                 .FILL x0000
(A4DD) 0000  0000000000000000 ( 294)                 .FILL x0000
(A4DE) 0000  0000000000000000 ( 294)                 .FILL x0000
(A4DF) 0000  0000000000000000 ( 294)                 .FILL x0000
(A4E0) 0000  0000000000000000 ( 294)                 .FILL x0000
(A4E1) 0000  0000000000000000 ( 294)                 .FILL x0000
(A4E2) 0000  0000000000000000 ( 294)                 .FILL x0000
(A4E3) 0000  0000000000000000 ( 294)                 .FILL x0000
(A4E4) 0000  0000000000000000 ( 294)                 .FILL x0000
(A4E5) 000A  0000000000001010 ( 294) ten             .FILL x000A
(A4E6) 0000  0000000000000000 ( 297) ourNumL         .FILL x0000
(A4E7) 0000  0000000000000000 ( 299) ourNum          .FILL x0000
(A4E8) 000A  0000000000001010 ( 299) retChar         .FILL x000A
(A4E9) 0000  0000000000000000 ( 299)                 .FILL x0000
(A4EA) 0030  0000000000110000 ( 300) zerChar         .FILL x0030
(A4EB) 0000  0000000000000000 ( 300)                 .FILL x0000
(A4EC) 000A  0000000000001010 ( 302) test            .FILL x000A
(A4ED) 0054  0000000001010100 ( 302)                 .FILL x0054
(A4EE) 0045  0000000001000101 ( 302)                 .FILL x0045
(A4EF) 0053  0000000001010011 ( 302)                 .FILL x0053
(A4F0) 0054  0000000001010100 ( 302)                 .FILL x0054
(A4F1) 0049  0000000001001001 ( 302)                 .FILL x0049
(A4F2) 004E  0000000001001110 ( 302)                 .FILL x004E
(A4F3) 0020  0000000000100000 ( 302)                 .FILL x0020
(A4F4) 0042  0000000001000010 ( 302)                 .FILL x0042
(A4F5) 0052  0000000001010010 ( 302)                 .FILL x0052
(A4F6) 0055  0000000001010101 ( 302)                 .FILL x0055
(A4F7) 0048  0000000001001000 ( 302)                 .FILL x0048
(A4F8) 000A  0000000000001010 ( 302)                 .FILL x000A
(A4F9) 0000  0000000000000000 ( 302)                 .FILL x0000
(A4FA) 0050  0000000001010000 ( 304) msg             .FILL x0050
(A4FB) 006C  0000000001101100 ( 304)                 .FILL x006C
(A4FC) 0065  0000000001100101 ( 304)                 .FILL x0065
(A4FD) 0061  0000000001100001 ( 304)                 .FILL x0061
(A4FE) 0073  0000000001110011 ( 304)                 .FILL x0073
(A4FF) 0065  0000000001100101 ( 304)                 .FILL x0065
(A500) 0020  0000000000100000 ( 304)                 .FILL x0020
(A501) 0065  0000000001100101 ( 304)                 .FILL x0065
(A502) 006E  0000000001101110 ( 304)                 .FILL x006E
(A503) 0074  0000000001110100 ( 304)                 .FILL x0074
(A504) 0065  0000000001100101 ( 304)                 .FILL x0065
(A505) 0072  0000000001110010 ( 304)                 .FILL x0072
(A506) 0020  0000000000100000 ( 304)                 .FILL x0020
(A507) 0061  0000000001100001 ( 304)                 .FILL x0061
(A508) 0020  0000000000100000 ( 304)                 .FILL x0020
(A509) 006E  0000000001101110 ( 304)                 .FILL x006E
(A50A) 0075  0000000001110101 ( 304)                 .FILL x0075
(A50B) 006D  0000000001101101 ( 304)                 .FILL x006D
(A50C) 0062  0000000001100010 ( 304)                 .FILL x0062
(A50D) 0065  0000000001100101 ( 304)                 .FILL x0065
(A50E) 0072  0000000001110010 ( 304)                 .FILL x0072
(A50F) 0020  0000000000100000 ( 304)                 .FILL x0020
(A510) 0061  0000000001100001 ( 304)                 .FILL x0061
(A511) 006E  0000000001101110 ( 304)                 .FILL x006E
(A512) 0064  0000000001100100 ( 304)                 .FILL x0064
(A513) 0020  0000000000100000 ( 304)                 .FILL x0020
(A514) 0074  0000000001110100 ( 304)                 .FILL x0074
(A515) 0068  0000000001101000 ( 304)                 .FILL x0068
(A516) 0065  0000000001100101 ( 304)                 .FILL x0065
(A517) 006E  0000000001101110 ( 304)                 .FILL x006E
(A518) 0020  0000000000100000 ( 304)                 .FILL x0020
(A519) 0061  0000000001100001 ( 304)                 .FILL x0061
(A51A) 006E  0000000001101110 ( 304)                 .FILL x006E
(A51B) 002E  0000000000101110 ( 304)                 .FILL x002E
(A51C) 002E  0000000000101110 ( 304)                 .FILL x002E
(A51D) 002E  0000000000101110 ( 304)                 .FILL x002E
(A51E) 0065  0000000001100101 ( 304)                 .FILL x0065
(A51F) 006E  0000000001101110 ( 304)                 .FILL x006E
(A520) 0074  0000000001110100 ( 304)                 .FILL x0074
(A521) 0065  0000000001100101 ( 304)                 .FILL x0065
(A522) 0072  0000000001110010 ( 304)                 .FILL x0072
(A523) 003A  0000000000111010 ( 304)                 .FILL x003A
(A524) 0020  0000000000100000 ( 304)                 .FILL x0020
(A525) 0000  0000000000000000 ( 304)                 .FILL x0000
(A526) 0059  0000000001011001 ( 305) ujt             .FILL x0059
(A527) 006F  0000000001101111 ( 305)                 .FILL x006F
(A528) 0075  0000000001110101 ( 305)                 .FILL x0075
(A529) 0020  0000000000100000 ( 305)                 .FILL x0020
(A52A) 006A  0000000001101010 ( 305)                 .FILL x006A
(A52B) 0075  0000000001110101 ( 305)                 .FILL x0075
(A52C) 0073  0000000001110011 ( 305)                 .FILL x0073
(A52D) 0074  0000000001110100 ( 305)                 .FILL x0074
(A52E) 0020  0000000000100000 ( 305)                 .FILL x0020
(A52F) 0074  0000000001110100 ( 305)                 .FILL x0074
(A530) 0079  0000000001111001 ( 305)                 .FILL x0079
(A531) 0070  0000000001110000 ( 305)                 .FILL x0070
(A532) 0065  0000000001100101 ( 305)                 .FILL x0065
(A533) 0064  0000000001100100 ( 305)                 .FILL x0064
(A534) 003A  0000000000111010 ( 305)                 .FILL x003A
(A535) 0020  0000000000100000 ( 305)                 .FILL x0020
(A536) 0000  0000000000000000 ( 305)                 .FILL x0000
(A537) 000A  0000000000001010 ( 306) nwh             .FILL x000A
(A538) 004F  0000000001001111 ( 306)                 .FILL x004F
(A539) 0075  0000000001110101 ( 306)                 .FILL x0075
(A53A) 0072  0000000001110010 ( 306)                 .FILL x0072
(A53B) 0020  0000000000100000 ( 306)                 .FILL x0020
(A53C) 0063  0000000001100011 ( 306)                 .FILL x0063
(A53D) 006F  0000000001101111 ( 306)                 .FILL x006F
(A53E) 006E  0000000001101110 ( 306)                 .FILL x006E
(A53F) 0076  0000000001110110 ( 306)                 .FILL x0076
(A540) 0065  0000000001100101 ( 306)                 .FILL x0065
(A541) 0072  0000000001110010 ( 306)                 .FILL x0072
(A542) 0074  0000000001110100 ( 306)                 .FILL x0074
(A543) 0065  0000000001100101 ( 306)                 .FILL x0065
(A544) 0064  0000000001100100 ( 306)                 .FILL x0064
(A545) 0020  0000000000100000 ( 306)                 .FILL x0020
(A546) 006E  0000000001101110 ( 306)                 .FILL x006E
(A547) 0075  0000000001110101 ( 306)                 .FILL x0075
(A548) 006D  0000000001101101 ( 306)                 .FILL x006D
(A549) 0062  0000000001100010 ( 306)                 .FILL x0062
(A54A) 0065  0000000001100101 ( 306)                 .FILL x0065
(A54B) 0072  0000000001110010 ( 306)                 .FILL x0072
(A54C) 0020  0000000000100000 ( 306)                 .FILL x0020
(A54D) 0069  0000000001101001 ( 306)                 .FILL x0069
(A54E) 0073  0000000001110011 ( 306)                 .FILL x0073
(A54F) 003A  0000000000111010 ( 306)                 .FILL x003A
(A550) 0020  0000000000100000 ( 306)                 .FILL x0020
(A551) 0000  0000000000000000 ( 306)                 .FILL x0000
(A552) 0053  0000000001010011 ( 307) test2           .FILL x0053
(A553) 0065  0000000001100101 ( 307)                 .FILL x0065
(A554) 0065  0000000001100101 ( 307)                 .FILL x0065
(A555) 0020  0000000000100000 ( 307)                 .FILL x0020
(A556) 0052  0000000001010010 ( 307)                 .FILL x0052
(A557) 0034  0000000000110100 ( 307)                 .FILL x0034
(A558) 0020  0000000000100000 ( 307)                 .FILL x0020
(A559) 0066  0000000001100110 ( 307)                 .FILL x0066
(A55A) 006F  0000000001101111 ( 307)                 .FILL x006F
(A55B) 0072  0000000001110010 ( 307)                 .FILL x0072
(A55C) 0020  0000000000100000 ( 307)                 .FILL x0020
(A55D) 006F  0000000001101111 ( 307)                 .FILL x006F
(A55E) 0075  0000000001110101 ( 307)                 .FILL x0075
(A55F) 0072  0000000001110010 ( 307)                 .FILL x0072
(A560) 0020  0000000000100000 ( 307)                 .FILL x0020
(A561) 0064  0000000001100100 ( 307)                 .FILL x0064
(A562) 0065  0000000001100101 ( 307)                 .FILL x0065
(A563) 0063  0000000001100011 ( 307)                 .FILL x0063
(A564) 0069  0000000001101001 ( 307)                 .FILL x0069
(A565) 006D  0000000001101101 ( 307)                 .FILL x006D
(A566) 0061  0000000001100001 ( 307)                 .FILL x0061
(A567) 006C  0000000001101100 ( 307)                 .FILL x006C
(A568) 0020  0000000000100000 ( 307)                 .FILL x0020
(A569) 006E  0000000001101110 ( 307)                 .FILL x006E
(A56A) 0075  0000000001110101 ( 307)                 .FILL x0075
(A56B) 006D  0000000001101101 ( 307)                 .FILL x006D
(A56C) 0062  0000000001100010 ( 307)                 .FILL x0062
(A56D) 0065  0000000001100101 ( 307)                 .FILL x0065
(A56E) 0072  0000000001110010 ( 307)                 .FILL x0072
(A56F) 0000  0000000000000000 ( 307)                 .FILL x0000
