(0000) 3050  0011000001010000 (   7)                 .ORIG x3050
(3050) 2204  0010001000000100 (  11)                 LD    R1 X
(3051) 2404  0010010000000100 (  12)                 LD    R2 Y
(3052) 4805  0100100000000101 (  13)                 JSR   Mult
(3053) 3203  0011001000000011 (  14)                 ST    R1 Z
(3054) F025  1111000000100101 (  15)                 TRAP  x25
(3055) 000C  0000000000001100 (  17) X               .FILL x000C
(3056) 0008  0000000000001000 (  18) Y               .FILL x0008
(3057) 0000  0000000000000000 (  32) Z               .FILL x0000
(3058) 3E10  0011111000010000 (  32) Mult            ST    R7 MU_R7
(3059) 380E  0011100000001110 (  33)                 ST    R4 MU_R4
(305A) 360C  0011011000001100 (  34)                 ST    R3 MU_R3
(305B) 56E0  0101011011100000 (  38)                 AND   R3 R3 #0
(305C) 18A0  0001100010100000 (  39)                 ADD   R4 R2 #0
(305D) 0C03  0000110000000011 (  45) MU_Loop         BRNZ  MU_Done
(305E) 16C1  0001011011000001 (  46)                 ADD   R3 R3 R1
(305F) 193F  0001100100111111 (  47)                 ADD   R4 R4 #-1
(3060) 0FFC  0000111111111100 (  48)                 BRNZP MU_Loop
(3061) 12E0  0001001011100000 (  53) MU_Done         ADD   R1 R3 #0
(3062) 2604  0010011000000100 (  54)                 LD    R3 MU_R3
(3063) 2804  0010100000000100 (  55)                 LD    R4 MU_R4
(3064) 2E04  0010111000000100 (  56)                 LD    R7 MU_R7
(3065) C1C0  1100000111000000 (  57)                 RET   
(3066) 0000  0000000000000000 (  62) MU_R1           .FILL x0000
(3067) 0000  0000000000000000 (  63) MU_R3           .FILL x0000
(3068) 0000  0000000000000000 (  64) MU_R4           .FILL x0000
(3069) 0000  0000000000000000 (  66) MU_R7           .FILL x0000
