(0000) 3000  0011000000000000 (  11)                 .ORIG x3000
(3000) E007  1110000000000111 (  12)                 LEA   R0 string
(3001) 1420  0001010000100000 (  14)                 ADD   R2 R0 #0
(3002) 6080  0110000010000000 (  15) Loop            LDR   R0 R2 #0
(3003) 0403  0000010000000011 (  16)                 BRZ   Done
(3004) F021  1111000000100001 (  17)                 TRAP  x21
(3005) 14A1  0001010010100001 (  18)                 ADD   R2 R2 #1
(3006) 0FFB  0000111111111011 (  19)                 BRNZP Loop
(3007) F025  1111000000100101 (  20) Done            TRAP  x25
(3008) 0048  0000000001001000 (  22) string          .FILL x0048
(3009) 0065  0000000001100101 (  22)                 .FILL x0065
(300A) 006C  0000000001101100 (  22)                 .FILL x006C
(300B) 006C  0000000001101100 (  22)                 .FILL x006C
(300C) 006F  0000000001101111 (  22)                 .FILL x006F
(300D) 002C  0000000000101100 (  22)                 .FILL x002C
(300E) 0020  0000000000100000 (  22)                 .FILL x0020
(300F) 0077  0000000001110111 (  22)                 .FILL x0077
(3010) 006F  0000000001101111 (  22)                 .FILL x006F
(3011) 0072  0000000001110010 (  22)                 .FILL x0072
(3012) 006C  0000000001101100 (  22)                 .FILL x006C
(3013) 0064  0000000001100100 (  22)                 .FILL x0064
(3014) 0021  0000000000100001 (  22)                 .FILL x0021
(3015) 0000  0000000000000000 (  22)                 .FILL x0000
